<?xml version="1.0" encoding="UTF-8"?>
<testsuite name="com.delta.taskmanagement.controller.TaskControllerTest" tests="12" skipped="0" failures="0" errors="0" timestamp="2026-09-17T09:24:49.838Z" hostname="wuchengtaideMacBook-Pro.local" time="3.15">
  <properties/>
  <testcase name="testSearchByKeyword()" classname="com.delta.taskmanagement.controller.TaskControllerTest" time="0.435"/>
  <testcase name="testUpdateTaskStatus()" classname="com.delta.taskmanagement.controller.TaskControllerTest" time="0.176"/>
  <testcase name="testGetAllTasks()" classname="com.delta.taskmanagement.controller.TaskControllerTest" time="0.113"/>
  <testcase name="testUpdateTask()" classname="com.delta.taskmanagement.controller.TaskControllerTest" time="0.103"/>
  <testcase name="testUpdateTaskOptimisticLockConflict()" classname="com.delta.taskmanagement.controller.TaskControllerTest" time="0.103"/>
  <testcase name="testCreateTaskValidationFailure()" classname="com.delta.taskmanagement.controller.TaskControllerTest" time="0.091"/>
  <testcase name="testGetTaskByIdNotFound()" classname="com.delta.taskmanagement.controller.TaskControllerTest" time="0.083"/>
  <testcase name="testFilterByPriority()" classname="com.delta.taskmanagement.controller.TaskControllerTest" time="0.088"/>
  <testcase name="testFilterByStatus()" classname="com.delta.taskmanagement.controller.TaskControllerTest" time="0.081"/>
  <testcase name="testCreateTask()" classname="com.delta.taskmanagement.controller.TaskControllerTest" time="0.091"/>
  <testcase name="testGetTaskById()" classname="com.delta.taskmanagement.controller.TaskControllerTest" time="0.078"/>
  <testcase name="testDeleteTask()" classname="com.delta.taskmanagement.controller.TaskControllerTest" time="0.078"/>
  <system-out><![CDATA[17:24:49.880 [Test worker] INFO org.springframework.test.context.support.AnnotationConfigContextLoaderUtils -- Could not detect default configuration classes for test class [com.delta.taskmanagement.controller.TaskControllerTest]: TaskControllerTest does not declare any static, non-private, non-final, nested classes annotated with @Configuration.
17:24:49.920 [Test worker] INFO org.springframework.boot.test.context.SpringBootTestContextBootstrapper -- Found @SpringBootConfiguration com.delta.taskmanagement.DeltaTaskManagementApplication for test class com.delta.taskmanagement.controller.TaskControllerTest

  .   ____          _            __ _ _
 /\\ / ___'_ __ _ _(_)_ __  __ _ \ \ \ \
( ( )\___ | '_ | '_| | '_ \/ _` | \ \ \ \
 \\/  ___)| |_)| | | | | || (_| |  ) ) ) )
  '  |____| .__|_| |_|_| |_\__, | / / / /
 =========|_|==============|___/=/_/_/_/

 :: Spring Boot ::               (v3.5.16)

2026-09-17T17:24:50.068+08:00  INFO 57055 --- [    Test worker] c.d.t.controller.TaskControllerTest      : Starting TaskControllerTest using Java 26.0.2.1 with PID 57055 (started by wu in /Users/wu/Documents/delta-task-management/backend)
2026-09-17T17:24:50.068+08:00  INFO 57055 --- [    Test worker] c.d.t.controller.TaskControllerTest      : No active profile set, falling back to 1 default profile: "default"
2026-09-17T17:24:50.280+08:00  INFO 57055 --- [    Test worker] .s.d.r.c.RepositoryConfigurationDelegate : Bootstrapping Spring Data JPA repositories in DEFAULT mode.
2026-09-17T17:24:50.303+08:00  INFO 57055 --- [    Test worker] .s.d.r.c.RepositoryConfigurationDelegate : Finished Spring Data repository scanning in 18 ms. Found 1 JPA repository interface.
2026-09-17T17:24:50.440+08:00  INFO 57055 --- [    Test worker] o.hibernate.jpa.internal.util.LogHelper  : HHH000204: Processing PersistenceUnitInfo [name: default]
2026-09-17T17:24:50.466+08:00  INFO 57055 --- [    Test worker] org.hibernate.Version                    : HHH000412: Hibernate ORM core version 6.6.53.Final
2026-09-17T17:24:50.477+08:00  INFO 57055 --- [    Test worker] o.h.c.internal.RegionFactoryInitiator    : HHH000026: Second-level cache disabled
2026-09-17T17:24:50.575+08:00  INFO 57055 --- [    Test worker] o.s.o.j.p.SpringPersistenceUnitInfo      : No LoadTimeWeaver setup: ignoring JPA class transformer
2026-09-17T17:24:50.584+08:00  INFO 57055 --- [    Test worker] com.zaxxer.hikari.HikariDataSource       : HikariPool-1 - Starting...
2026-09-17T17:24:50.644+08:00  INFO 57055 --- [    Test worker] com.zaxxer.hikari.pool.HikariPool        : HikariPool-1 - Added connection conn0: url=jdbc:h2:mem:taskdb user=SA
2026-09-17T17:24:50.644+08:00  INFO 57055 --- [    Test worker] com.zaxxer.hikari.HikariDataSource       : HikariPool-1 - Start completed.
2026-09-17T17:24:50.663+08:00  INFO 57055 --- [    Test worker] org.hibernate.orm.connections.pooling    : HHH10001005: Database info:
	Database JDBC URL [Connecting through datasource 'HikariDataSource (HikariPool-1)']
	Database driver: undefined/unknown
	Database version: 2.3.232
	Autocommit mode: undefined/unknown
	Isolation level: undefined/unknown
	Minimum pool size: undefined/unknown
	Maximum pool size: undefined/unknown
2026-09-17T17:24:50.904+08:00  INFO 57055 --- [    Test worker] o.h.e.t.j.p.i.JtaPlatformInitiator       : HHH000489: No JTA platform available (set 'hibernate.transaction.jta.platform' to enable JTA platform integration)
Hibernate: 
    drop table if exists tasks cascade 
Hibernate: 
    create table tasks (
        created_at timestamp(6),
        id bigint generated by default as identity,
        updated_at timestamp(6),
        version bigint,
        description TEXT,
        title varchar(255) not null,
        priority enum ('HIGH','LOW','MEDIUM') not null,
        status enum ('COMPLETED','IN_PROGRESS','TODO') not null,
        primary key (id)
    )
2026-09-17T17:24:50.914+08:00  INFO 57055 --- [    Test worker] j.LocalContainerEntityManagerFactoryBean : Initialized JPA EntityManagerFactory for persistence unit 'default'
2026-09-17T17:24:51.004+08:00  INFO 57055 --- [    Test worker] o.s.d.j.r.query.QueryEnhancerFactory     : Hibernate is in classpath; If applicable, HQL parser will be used.
2026-09-17T17:24:51.313+08:00  WARN 57055 --- [    Test worker] JpaBaseConfiguration$JpaWebConfiguration : spring.jpa.open-in-view is enabled by default. Therefore, database queries may be performed during view rendering. Explicitly configure spring.jpa.open-in-view to disable this warning
2026-09-17T17:24:51.413+08:00  INFO 57055 --- [    Test worker] o.s.b.a.h2.H2ConsoleAutoConfiguration    : H2 console available at '/h2-console'. Database available at 'jdbc:h2:mem:taskdb'
2026-09-17T17:24:51.445+08:00  INFO 57055 --- [    Test worker] o.s.b.t.m.w.SpringBootMockServletContext : Initializing Spring TestDispatcherServlet ''
2026-09-17T17:24:51.445+08:00  INFO 57055 --- [    Test worker] o.s.t.web.servlet.TestDispatcherServlet  : Initializing Servlet ''
2026-09-17T17:24:51.446+08:00  INFO 57055 --- [    Test worker] o.s.t.web.servlet.TestDispatcherServlet  : Completed initialization in 1 ms
2026-09-17T17:24:51.461+08:00  INFO 57055 --- [    Test worker] c.d.t.controller.TaskControllerTest      : Started TaskControllerTest in 1.496 seconds (process running for 1.868)
2026-09-17T17:24:51.468+08:00  INFO 57055 --- [    Test worker] j.LocalContainerEntityManagerFactoryBean : Closing JPA EntityManagerFactory for persistence unit 'default'
Hibernate: 
    drop table if exists tasks cascade 
2026-09-17T17:24:51.469+08:00  INFO 57055 --- [    Test worker] com.zaxxer.hikari.HikariDataSource       : HikariPool-1 - Shutdown initiated...
2026-09-17T17:24:51.470+08:00  INFO 57055 --- [    Test worker] com.zaxxer.hikari.HikariDataSource       : HikariPool-1 - Shutdown completed.

  .   ____          _            __ _ _
 /\\ / ___'_ __ _ _(_)_ __  __ _ \ \ \ \
( ( )\___ | '_ | '_| | '_ \/ _` | \ \ \ \
 \\/  ___)| |_)| | | | | || (_| |  ) ) ) )
  '  |____| .__|_| |_|_| |_\__, | / / / /
 =========|_|==============|___/=/_/_/_/

 :: Spring Boot ::               (v3.5.16)

2026-09-17T17:24:51.480+08:00  INFO 57055 --- [    Test worker] c.d.t.controller.TaskControllerTest      : Starting TaskControllerTest using Java 26.0.2.1 with PID 57055 (started by wu in /Users/wu/Documents/delta-task-management/backend)
2026-09-17T17:24:51.480+08:00  INFO 57055 --- [    Test worker] c.d.t.controller.TaskControllerTest      : No active profile set, falling back to 1 default profile: "default"
2026-09-17T17:24:51.520+08:00  INFO 57055 --- [    Test worker] .s.d.r.c.RepositoryConfigurationDelegate : Bootstrapping Spring Data JPA repositories in DEFAULT mode.
2026-09-17T17:24:51.523+08:00  INFO 57055 --- [    Test worker] .s.d.r.c.RepositoryConfigurationDelegate : Finished Spring Data repository scanning in 2 ms. Found 1 JPA repository interface.
2026-09-17T17:24:51.543+08:00  INFO 57055 --- [    Test worker] o.hibernate.jpa.internal.util.LogHelper  : HHH000204: Processing PersistenceUnitInfo [name: default]
2026-09-17T17:24:51.544+08:00  INFO 57055 --- [    Test worker] o.h.c.internal.RegionFactoryInitiator    : HHH000026: Second-level cache disabled
2026-09-17T17:24:51.546+08:00  INFO 57055 --- [    Test worker] o.s.o.j.p.SpringPersistenceUnitInfo      : No LoadTimeWeaver setup: ignoring JPA class transformer
2026-09-17T17:24:51.546+08:00  INFO 57055 --- [    Test worker] com.zaxxer.hikari.HikariDataSource       : HikariPool-2 - Starting...
2026-09-17T17:24:51.547+08:00  INFO 57055 --- [    Test worker] com.zaxxer.hikari.pool.HikariPool        : HikariPool-2 - Added connection conn10: url=jdbc:h2:mem:taskdb user=SA
2026-09-17T17:24:51.547+08:00  INFO 57055 --- [    Test worker] com.zaxxer.hikari.HikariDataSource       : HikariPool-2 - Start completed.
2026-09-17T17:24:51.547+08:00  INFO 57055 --- [    Test worker] org.hibernate.orm.connections.pooling    : HHH10001005: Database info:
	Database JDBC URL [Connecting through datasource 'HikariDataSource (HikariPool-2)']
	Database driver: undefined/unknown
	Database version: 2.3.232
	Autocommit mode: undefined/unknown
	Isolation level: undefined/unknown
	Minimum pool size: undefined/unknown
	Maximum pool size: undefined/unknown
2026-09-17T17:24:51.557+08:00  INFO 57055 --- [    Test worker] o.h.e.t.j.p.i.JtaPlatformInitiator       : HHH000489: No JTA platform available (set 'hibernate.transaction.jta.platform' to enable JTA platform integration)
Hibernate: 
    drop table if exists tasks cascade 
Hibernate: 
    create table tasks (
        created_at timestamp(6),
        id bigint generated by default as identity,
        updated_at timestamp(6),
        version bigint,
        description TEXT,
        title varchar(255) not null,
        priority enum ('HIGH','LOW','MEDIUM') not null,
        status enum ('COMPLETED','IN_PROGRESS','TODO') not null,
        primary key (id)
    )
2026-09-17T17:24:51.558+08:00  INFO 57055 --- [    Test worker] j.LocalContainerEntityManagerFactoryBean : Initialized JPA EntityManagerFactory for persistence unit 'default'
2026-09-17T17:24:51.576+08:00  WARN 57055 --- [    Test worker] JpaBaseConfiguration$JpaWebConfiguration : spring.jpa.open-in-view is enabled by default. Therefore, database queries may be performed during view rendering. Explicitly configure spring.jpa.open-in-view to disable this warning
2026-09-17T17:24:51.597+08:00  INFO 57055 --- [    Test worker] o.s.b.a.h2.H2ConsoleAutoConfiguration    : H2 console available at '/h2-console'. Database available at 'jdbc:h2:mem:taskdb'
2026-09-17T17:24:51.604+08:00  INFO 57055 --- [    Test worker] o.s.b.t.m.w.SpringBootMockServletContext : Initializing Spring TestDispatcherServlet ''
2026-09-17T17:24:51.604+08:00  INFO 57055 --- [    Test worker] o.s.t.web.servlet.TestDispatcherServlet  : Initializing Servlet ''
2026-09-17T17:24:51.604+08:00  INFO 57055 --- [    Test worker] o.s.t.web.servlet.TestDispatcherServlet  : Completed initialization in 0 ms
2026-09-17T17:24:51.607+08:00  INFO 57055 --- [    Test worker] c.d.t.controller.TaskControllerTest      : Started TaskControllerTest in 0.136 seconds (process running for 2.014)
Hibernate: 
    select
        t1_0.id,
        t1_0.created_at,
        t1_0.description,
        t1_0.priority,
        t1_0.status,
        t1_0.title,
        t1_0.updated_at,
        t1_0.version 
    from
        tasks t1_0 
    where
        (
            ? is null 
            or t1_0.status=?
        ) 
        and (
            ? is null 
            or t1_0.priority=?
        ) 
        and (
            ? is null 
            or lower(t1_0.title) like lower(('%'||?||'%')) escape '' 
            or lower(t1_0.description) like lower(('%'||?||'%')) escape ''
        ) 
    order by
        t1_0.created_at desc
2026-09-17T17:24:51.902+08:00  INFO 57055 --- [    Test worker] j.LocalContainerEntityManagerFactoryBean : Closing JPA EntityManagerFactory for persistence unit 'default'
Hibernate: 
    drop table if exists tasks cascade 
2026-09-17T17:24:51.902+08:00  INFO 57055 --- [    Test worker] com.zaxxer.hikari.HikariDataSource       : HikariPool-2 - Shutdown initiated...
2026-09-17T17:24:51.918+08:00  INFO 57055 --- [    Test worker] com.zaxxer.hikari.HikariDataSource       : HikariPool-2 - Shutdown completed.

  .   ____          _            __ _ _
 /\\ / ___'_ __ _ _(_)_ __  __ _ \ \ \ \
( ( )\___ | '_ | '_| | '_ \/ _` | \ \ \ \
 \\/  ___)| |_)| | | | | || (_| |  ) ) ) )
  '  |____| .__|_| |_|_| |_\__, | / / / /
 =========|_|==============|___/=/_/_/_/

 :: Spring Boot ::               (v3.5.16)

2026-09-17T17:24:51.926+08:00  INFO 57055 --- [    Test worker] c.d.t.controller.TaskControllerTest      : Starting TaskControllerTest using Java 26.0.2.1 with PID 57055 (started by wu in /Users/wu/Documents/delta-task-management/backend)
2026-09-17T17:24:51.926+08:00  INFO 57055 --- [    Test worker] c.d.t.controller.TaskControllerTest      : No active profile set, falling back to 1 default profile: "default"
2026-09-17T17:24:51.959+08:00  INFO 57055 --- [    Test worker] .s.d.r.c.RepositoryConfigurationDelegate : Bootstrapping Spring Data JPA repositories in DEFAULT mode.
2026-09-17T17:24:51.962+08:00  INFO 57055 --- [    Test worker] .s.d.r.c.RepositoryConfigurationDelegate : Finished Spring Data repository scanning in 2 ms. Found 1 JPA repository interface.
2026-09-17T17:24:51.979+08:00  INFO 57055 --- [    Test worker] o.hibernate.jpa.internal.util.LogHelper  : HHH000204: Processing PersistenceUnitInfo [name: default]
2026-09-17T17:24:51.980+08:00  INFO 57055 --- [    Test worker] o.h.c.internal.RegionFactoryInitiator    : HHH000026: Second-level cache disabled
2026-09-17T17:24:51.982+08:00  INFO 57055 --- [    Test worker] o.s.o.j.p.SpringPersistenceUnitInfo      : No LoadTimeWeaver setup: ignoring JPA class transformer
2026-09-17T17:24:51.982+08:00  INFO 57055 --- [    Test worker] com.zaxxer.hikari.HikariDataSource       : HikariPool-3 - Starting...
2026-09-17T17:24:51.983+08:00  INFO 57055 --- [    Test worker] com.zaxxer.hikari.pool.HikariPool        : HikariPool-3 - Added connection conn19: url=jdbc:h2:mem:taskdb user=SA
2026-09-17T17:24:51.983+08:00  INFO 57055 --- [    Test worker] com.zaxxer.hikari.HikariDataSource       : HikariPool-3 - Start completed.
2026-09-17T17:24:51.983+08:00  INFO 57055 --- [    Test worker] org.hibernate.orm.connections.pooling    : HHH10001005: Database info:
	Database JDBC URL [Connecting through datasource 'HikariDataSource (HikariPool-3)']
	Database driver: undefined/unknown
	Database version: 2.3.232
	Autocommit mode: undefined/unknown
	Isolation level: undefined/unknown
	Minimum pool size: undefined/unknown
	Maximum pool size: undefined/unknown
2026-09-17T17:24:51.996+08:00  INFO 57055 --- [    Test worker] o.h.e.t.j.p.i.JtaPlatformInitiator       : HHH000489: No JTA platform available (set 'hibernate.transaction.jta.platform' to enable JTA platform integration)
Hibernate: 
    drop table if exists tasks cascade 
Hibernate: 
    create table tasks (
        created_at timestamp(6),
        id bigint generated by default as identity,
        updated_at timestamp(6),
        version bigint,
        description TEXT,
        title varchar(255) not null,
        priority enum ('HIGH','LOW','MEDIUM') not null,
        status enum ('COMPLETED','IN_PROGRESS','TODO') not null,
        primary key (id)
    )
2026-09-17T17:24:51.998+08:00  INFO 57055 --- [    Test worker] j.LocalContainerEntityManagerFactoryBean : Initialized JPA EntityManagerFactory for persistence unit 'default'
2026-09-17T17:24:52.014+08:00  WARN 57055 --- [    Test worker] JpaBaseConfiguration$JpaWebConfiguration : spring.jpa.open-in-view is enabled by default. Therefore, database queries may be performed during view rendering. Explicitly configure spring.jpa.open-in-view to disable this warning
2026-09-17T17:24:52.030+08:00  INFO 57055 --- [    Test worker] o.s.b.a.h2.H2ConsoleAutoConfiguration    : H2 console available at '/h2-console'. Database available at 'jdbc:h2:mem:taskdb'
2026-09-17T17:24:52.035+08:00  INFO 57055 --- [    Test worker] o.s.b.t.m.w.SpringBootMockServletContext : Initializing Spring TestDispatcherServlet ''
2026-09-17T17:24:52.035+08:00  INFO 57055 --- [    Test worker] o.s.t.web.servlet.TestDispatcherServlet  : Initializing Servlet ''
2026-09-17T17:24:52.035+08:00  INFO 57055 --- [    Test worker] o.s.t.web.servlet.TestDispatcherServlet  : Completed initialization in 0 ms
2026-09-17T17:24:52.037+08:00  INFO 57055 --- [    Test worker] c.d.t.controller.TaskControllerTest      : Started TaskControllerTest in 0.118 seconds (process running for 2.444)
Hibernate: 
    select
        t1_0.id,
        t1_0.created_at,
        t1_0.description,
        t1_0.priority,
        t1_0.status,
        t1_0.title,
        t1_0.updated_at,
        t1_0.version 
    from
        tasks t1_0 
    where
        t1_0.id=?
Hibernate: 
    update
        tasks 
    set
        created_at=?,
        description=?,
        priority=?,
        status=?,
        title=?,
        updated_at=?,
        version=? 
    where
        id=? 
        and version=?
2026-09-17T17:24:52.078+08:00  INFO 57055 --- [    Test worker] j.LocalContainerEntityManagerFactoryBean : Closing JPA EntityManagerFactory for persistence unit 'default'
Hibernate: 
    drop table if exists tasks cascade 
2026-09-17T17:24:52.078+08:00  INFO 57055 --- [    Test worker] com.zaxxer.hikari.HikariDataSource       : HikariPool-3 - Shutdown initiated...
2026-09-17T17:24:52.079+08:00  INFO 57055 --- [    Test worker] com.zaxxer.hikari.HikariDataSource       : HikariPool-3 - Shutdown completed.

  .   ____          _            __ _ _
 /\\ / ___'_ __ _ _(_)_ __  __ _ \ \ \ \
( ( )\___ | '_ | '_| | '_ \/ _` | \ \ \ \
 \\/  ___)| |_)| | | | | || (_| |  ) ) ) )
  '  |____| .__|_| |_|_| |_\__, | / / / /
 =========|_|==============|___/=/_/_/_/

 :: Spring Boot ::               (v3.5.16)

2026-09-17T17:24:52.085+08:00  INFO 57055 --- [    Test worker] c.d.t.controller.TaskControllerTest      : Starting TaskControllerTest using Java 26.0.2.1 with PID 57055 (started by wu in /Users/wu/Documents/delta-task-management/backend)
2026-09-17T17:24:52.085+08:00  INFO 57055 --- [    Test worker] c.d.t.controller.TaskControllerTest      : No active profile set, falling back to 1 default profile: "default"
2026-09-17T17:24:52.115+08:00  INFO 57055 --- [    Test worker] .s.d.r.c.RepositoryConfigurationDelegate : Bootstrapping Spring Data JPA repositories in DEFAULT mode.
2026-09-17T17:24:52.118+08:00  INFO 57055 --- [    Test worker] .s.d.r.c.RepositoryConfigurationDelegate : Finished Spring Data repository scanning in 1 ms. Found 1 JPA repository interface.
2026-09-17T17:24:52.133+08:00  INFO 57055 --- [    Test worker] o.hibernate.jpa.internal.util.LogHelper  : HHH000204: Processing PersistenceUnitInfo [name: default]
2026-09-17T17:24:52.133+08:00  INFO 57055 --- [    Test worker] o.h.c.internal.RegionFactoryInitiator    : HHH000026: Second-level cache disabled
2026-09-17T17:24:52.135+08:00  INFO 57055 --- [    Test worker] o.s.o.j.p.SpringPersistenceUnitInfo      : No LoadTimeWeaver setup: ignoring JPA class transformer
2026-09-17T17:24:52.135+08:00  INFO 57055 --- [    Test worker] com.zaxxer.hikari.HikariDataSource       : HikariPool-4 - Starting...
2026-09-17T17:24:52.135+08:00  INFO 57055 --- [    Test worker] com.zaxxer.hikari.pool.HikariPool        : HikariPool-4 - Added connection conn20: url=jdbc:h2:mem:taskdb user=SA
2026-09-17T17:24:52.136+08:00  INFO 57055 --- [    Test worker] com.zaxxer.hikari.HikariDataSource       : HikariPool-4 - Start completed.
2026-09-17T17:24:52.136+08:00  INFO 57055 --- [    Test worker] org.hibernate.orm.connections.pooling    : HHH10001005: Database info:
	Database JDBC URL [Connecting through datasource 'HikariDataSource (HikariPool-4)']
	Database driver: undefined/unknown
	Database version: 2.3.232
	Autocommit mode: undefined/unknown
	Isolation level: undefined/unknown
	Minimum pool size: undefined/unknown
	Maximum pool size: undefined/unknown
2026-09-17T17:24:52.144+08:00  INFO 57055 --- [    Test worker] o.h.e.t.j.p.i.JtaPlatformInitiator       : HHH000489: No JTA platform available (set 'hibernate.transaction.jta.platform' to enable JTA platform integration)
Hibernate: 
    drop table if exists tasks cascade 
Hibernate: 
    create table tasks (
        created_at timestamp(6),
        id bigint generated by default as identity,
        updated_at timestamp(6),
        version bigint,
        description TEXT,
        title varchar(255) not null,
        priority enum ('HIGH','LOW','MEDIUM') not null,
        status enum ('COMPLETED','IN_PROGRESS','TODO') not null,
        primary key (id)
    )
2026-09-17T17:24:52.145+08:00  INFO 57055 --- [    Test worker] j.LocalContainerEntityManagerFactoryBean : Initialized JPA EntityManagerFactory for persistence unit 'default'
2026-09-17T17:24:52.158+08:00  WARN 57055 --- [    Test worker] JpaBaseConfiguration$JpaWebConfiguration : spring.jpa.open-in-view is enabled by default. Therefore, database queries may be performed during view rendering. Explicitly configure spring.jpa.open-in-view to disable this warning
2026-09-17T17:24:52.172+08:00  INFO 57055 --- [    Test worker] o.s.b.a.h2.H2ConsoleAutoConfiguration    : H2 console available at '/h2-console'. Database available at 'jdbc:h2:mem:taskdb'
2026-09-17T17:24:52.176+08:00  INFO 57055 --- [    Test worker] o.s.b.t.m.w.SpringBootMockServletContext : Initializing Spring TestDispatcherServlet ''
2026-09-17T17:24:52.176+08:00  INFO 57055 --- [    Test worker] o.s.t.web.servlet.TestDispatcherServlet  : Initializing Servlet ''
2026-09-17T17:24:52.176+08:00  INFO 57055 --- [    Test worker] o.s.t.web.servlet.TestDispatcherServlet  : Completed initialization in 0 ms
2026-09-17T17:24:52.178+08:00  INFO 57055 --- [    Test worker] c.d.t.controller.TaskControllerTest      : Started TaskControllerTest in 0.098 seconds (process running for 2.585)
Hibernate: 
    select
        t1_0.id,
        t1_0.created_at,
        t1_0.description,
        t1_0.priority,
        t1_0.status,
        t1_0.title,
        t1_0.updated_at,
        t1_0.version 
    from
        tasks t1_0 
    order by
        t1_0.created_at desc
2026-09-17T17:24:52.191+08:00  INFO 57055 --- [    Test worker] j.LocalContainerEntityManagerFactoryBean : Closing JPA EntityManagerFactory for persistence unit 'default'
Hibernate: 
    drop table if exists tasks cascade 
2026-09-17T17:24:52.192+08:00  INFO 57055 --- [    Test worker] com.zaxxer.hikari.HikariDataSource       : HikariPool-4 - Shutdown initiated...
2026-09-17T17:24:52.192+08:00  INFO 57055 --- [    Test worker] com.zaxxer.hikari.HikariDataSource       : HikariPool-4 - Shutdown completed.

  .   ____          _            __ _ _
 /\\ / ___'_ __ _ _(_)_ __  __ _ \ \ \ \
( ( )\___ | '_ | '_| | '_ \/ _` | \ \ \ \
 \\/  ___)| |_)| | | | | || (_| |  ) ) ) )
  '  |____| .__|_| |_|_| |_\__, | / / / /
 =========|_|==============|___/=/_/_/_/

 :: Spring Boot ::               (v3.5.16)

2026-09-17T17:24:52.198+08:00  INFO 57055 --- [    Test worker] c.d.t.controller.TaskControllerTest      : Starting TaskControllerTest using Java 26.0.2.1 with PID 57055 (started by wu in /Users/wu/Documents/delta-task-management/backend)
2026-09-17T17:24:52.198+08:00  INFO 57055 --- [    Test worker] c.d.t.controller.TaskControllerTest      : No active profile set, falling back to 1 default profile: "default"
2026-09-17T17:24:52.225+08:00  INFO 57055 --- [    Test worker] .s.d.r.c.RepositoryConfigurationDelegate : Bootstrapping Spring Data JPA repositories in DEFAULT mode.
2026-09-17T17:24:52.227+08:00  INFO 57055 --- [    Test worker] .s.d.r.c.RepositoryConfigurationDelegate : Finished Spring Data repository scanning in 1 ms. Found 1 JPA repository interface.
2026-09-17T17:24:52.240+08:00  INFO 57055 --- [    Test worker] o.hibernate.jpa.internal.util.LogHelper  : HHH000204: Processing PersistenceUnitInfo [name: default]
2026-09-17T17:24:52.240+08:00  INFO 57055 --- [    Test worker] o.h.c.internal.RegionFactoryInitiator    : HHH000026: Second-level cache disabled
2026-09-17T17:24:52.242+08:00  INFO 57055 --- [    Test worker] o.s.o.j.p.SpringPersistenceUnitInfo      : No LoadTimeWeaver setup: ignoring JPA class transformer
2026-09-17T17:24:52.242+08:00  INFO 57055 --- [    Test worker] com.zaxxer.hikari.HikariDataSource       : HikariPool-5 - Starting...
2026-09-17T17:24:52.242+08:00  INFO 57055 --- [    Test worker] com.zaxxer.hikari.pool.HikariPool        : HikariPool-5 - Added connection conn21: url=jdbc:h2:mem:taskdb user=SA
2026-09-17T17:24:52.242+08:00  INFO 57055 --- [    Test worker] com.zaxxer.hikari.HikariDataSource       : HikariPool-5 - Start completed.
2026-09-17T17:24:52.243+08:00  INFO 57055 --- [    Test worker] org.hibernate.orm.connections.pooling    : HHH10001005: Database info:
	Database JDBC URL [Connecting through datasource 'HikariDataSource (HikariPool-5)']
	Database driver: undefined/unknown
	Database version: 2.3.232
	Autocommit mode: undefined/unknown
	Isolation level: undefined/unknown
	Minimum pool size: undefined/unknown
	Maximum pool size: undefined/unknown
2026-09-17T17:24:52.251+08:00  INFO 57055 --- [    Test worker] o.h.e.t.j.p.i.JtaPlatformInitiator       : HHH000489: No JTA platform available (set 'hibernate.transaction.jta.platform' to enable JTA platform integration)
Hibernate: 
    drop table if exists tasks cascade 
Hibernate: 
    create table tasks (
        created_at timestamp(6),
        id bigint generated by default as identity,
        updated_at timestamp(6),
        version bigint,
        description TEXT,
        title varchar(255) not null,
        priority enum ('HIGH','LOW','MEDIUM') not null,
        status enum ('COMPLETED','IN_PROGRESS','TODO') not null,
        primary key (id)
    )
2026-09-17T17:24:52.252+08:00  INFO 57055 --- [    Test worker] j.LocalContainerEntityManagerFactoryBean : Initialized JPA EntityManagerFactory for persistence unit 'default'
2026-09-17T17:24:52.265+08:00  WARN 57055 --- [    Test worker] JpaBaseConfiguration$JpaWebConfiguration : spring.jpa.open-in-view is enabled by default. Therefore, database queries may be performed during view rendering. Explicitly configure spring.jpa.open-in-view to disable this warning
2026-09-17T17:24:52.277+08:00  INFO 57055 --- [    Test worker] o.s.b.a.h2.H2ConsoleAutoConfiguration    : H2 console available at '/h2-console'. Database available at 'jdbc:h2:mem:taskdb'
2026-09-17T17:24:52.281+08:00  INFO 57055 --- [    Test worker] o.s.b.t.m.w.SpringBootMockServletContext : Initializing Spring TestDispatcherServlet ''
2026-09-17T17:24:52.281+08:00  INFO 57055 --- [    Test worker] o.s.t.web.servlet.TestDispatcherServlet  : Initializing Servlet ''
2026-09-17T17:24:52.281+08:00  INFO 57055 --- [    Test worker] o.s.t.web.servlet.TestDispatcherServlet  : Completed initialization in 0 ms
2026-09-17T17:24:52.284+08:00  INFO 57055 --- [    Test worker] c.d.t.controller.TaskControllerTest      : Started TaskControllerTest in 0.092 seconds (process running for 2.691)
Hibernate: 
    select
        t1_0.id,
        t1_0.created_at,
        t1_0.description,
        t1_0.priority,
        t1_0.status,
        t1_0.title,
        t1_0.updated_at,
        t1_0.version 
    from
        tasks t1_0 
    where
        t1_0.id=?
Hibernate: 
    update
        tasks 
    set
        created_at=?,
        description=?,
        priority=?,
        status=?,
        title=?,
        updated_at=?,
        version=? 
    where
        id=? 
        and version=?
2026-09-17T17:24:52.295+08:00  INFO 57055 --- [    Test worker] j.LocalContainerEntityManagerFactoryBean : Closing JPA EntityManagerFactory for persistence unit 'default'
Hibernate: 
    drop table if exists tasks cascade 
2026-09-17T17:24:52.295+08:00  INFO 57055 --- [    Test worker] com.zaxxer.hikari.HikariDataSource       : HikariPool-5 - Shutdown initiated...
2026-09-17T17:24:52.296+08:00  INFO 57055 --- [    Test worker] com.zaxxer.hikari.HikariDataSource       : HikariPool-5 - Shutdown completed.

  .   ____          _            __ _ _
 /\\ / ___'_ __ _ _(_)_ __  __ _ \ \ \ \
( ( )\___ | '_ | '_| | '_ \/ _` | \ \ \ \
 \\/  ___)| |_)| | | | | || (_| |  ) ) ) )
  '  |____| .__|_| |_|_| |_\__, | / / / /
 =========|_|==============|___/=/_/_/_/

 :: Spring Boot ::               (v3.5.16)

2026-09-17T17:24:52.302+08:00  INFO 57055 --- [    Test worker] c.d.t.controller.TaskControllerTest      : Starting TaskControllerTest using Java 26.0.2.1 with PID 57055 (started by wu in /Users/wu/Documents/delta-task-management/backend)
2026-09-17T17:24:52.302+08:00  INFO 57055 --- [    Test worker] c.d.t.controller.TaskControllerTest      : No active profile set, falling back to 1 default profile: "default"
2026-09-17T17:24:52.326+08:00  INFO 57055 --- [    Test worker] .s.d.r.c.RepositoryConfigurationDelegate : Bootstrapping Spring Data JPA repositories in DEFAULT mode.
2026-09-17T17:24:52.328+08:00  INFO 57055 --- [    Test worker] .s.d.r.c.RepositoryConfigurationDelegate : Finished Spring Data repository scanning in 1 ms. Found 1 JPA repository interface.
2026-09-17T17:24:52.341+08:00  INFO 57055 --- [    Test worker] o.hibernate.jpa.internal.util.LogHelper  : HHH000204: Processing PersistenceUnitInfo [name: default]
2026-09-17T17:24:52.341+08:00  INFO 57055 --- [    Test worker] o.h.c.internal.RegionFactoryInitiator    : HHH000026: Second-level cache disabled
2026-09-17T17:24:52.344+08:00  INFO 57055 --- [    Test worker] o.s.o.j.p.SpringPersistenceUnitInfo      : No LoadTimeWeaver setup: ignoring JPA class transformer
2026-09-17T17:24:52.344+08:00  INFO 57055 --- [    Test worker] com.zaxxer.hikari.HikariDataSource       : HikariPool-6 - Starting...
2026-09-17T17:24:52.344+08:00  INFO 57055 --- [    Test worker] com.zaxxer.hikari.pool.HikariPool        : HikariPool-6 - Added connection conn22: url=jdbc:h2:mem:taskdb user=SA
2026-09-17T17:24:52.344+08:00  INFO 57055 --- [    Test worker] com.zaxxer.hikari.HikariDataSource       : HikariPool-6 - Start completed.
2026-09-17T17:24:52.344+08:00  INFO 57055 --- [    Test worker] org.hibernate.orm.connections.pooling    : HHH10001005: Database info:
	Database JDBC URL [Connecting through datasource 'HikariDataSource (HikariPool-6)']
	Database driver: undefined/unknown
	Database version: 2.3.232
	Autocommit mode: undefined/unknown
	Isolation level: undefined/unknown
	Minimum pool size: undefined/unknown
	Maximum pool size: undefined/unknown
2026-09-17T17:24:52.352+08:00  INFO 57055 --- [    Test worker] o.h.e.t.j.p.i.JtaPlatformInitiator       : HHH000489: No JTA platform available (set 'hibernate.transaction.jta.platform' to enable JTA platform integration)
Hibernate: 
    drop table if exists tasks cascade 
Hibernate: 
    create table tasks (
        created_at timestamp(6),
        id bigint generated by default as identity,
        updated_at timestamp(6),
        version bigint,
        description TEXT,
        title varchar(255) not null,
        priority enum ('HIGH','LOW','MEDIUM') not null,
        status enum ('COMPLETED','IN_PROGRESS','TODO') not null,
        primary key (id)
    )
2026-09-17T17:24:52.354+08:00  INFO 57055 --- [    Test worker] j.LocalContainerEntityManagerFactoryBean : Initialized JPA EntityManagerFactory for persistence unit 'default'
2026-09-17T17:24:52.367+08:00  WARN 57055 --- [    Test worker] JpaBaseConfiguration$JpaWebConfiguration : spring.jpa.open-in-view is enabled by default. Therefore, database queries may be performed during view rendering. Explicitly configure spring.jpa.open-in-view to disable this warning
2026-09-17T17:24:52.383+08:00  INFO 57055 --- [    Test worker] o.s.b.a.h2.H2ConsoleAutoConfiguration    : H2 console available at '/h2-console'. Database available at 'jdbc:h2:mem:taskdb'
2026-09-17T17:24:52.387+08:00  INFO 57055 --- [    Test worker] o.s.b.t.m.w.SpringBootMockServletContext : Initializing Spring TestDispatcherServlet ''
2026-09-17T17:24:52.387+08:00  INFO 57055 --- [    Test worker] o.s.t.web.servlet.TestDispatcherServlet  : Initializing Servlet ''
2026-09-17T17:24:52.387+08:00  INFO 57055 --- [    Test worker] o.s.t.web.servlet.TestDispatcherServlet  : Completed initialization in 0 ms
2026-09-17T17:24:52.388+08:00  INFO 57055 --- [    Test worker] c.d.t.controller.TaskControllerTest      : Started TaskControllerTest in 0.092 seconds (process running for 2.795)
Hibernate: 
    select
        t1_0.id,
        t1_0.created_at,
        t1_0.description,
        t1_0.priority,
        t1_0.status,
        t1_0.title,
        t1_0.updated_at,
        t1_0.version 
    from
        tasks t1_0 
    where
        t1_0.id=?
2026-09-17T17:24:52.399+08:00  INFO 57055 --- [    Test worker] j.LocalContainerEntityManagerFactoryBean : Closing JPA EntityManagerFactory for persistence unit 'default'
Hibernate: 
    drop table if exists tasks cascade 
2026-09-17T17:24:52.399+08:00  INFO 57055 --- [    Test worker] com.zaxxer.hikari.HikariDataSource       : HikariPool-6 - Shutdown initiated...
2026-09-17T17:24:52.399+08:00  INFO 57055 --- [    Test worker] com.zaxxer.hikari.HikariDataSource       : HikariPool-6 - Shutdown completed.

  .   ____          _            __ _ _
 /\\ / ___'_ __ _ _(_)_ __  __ _ \ \ \ \
( ( )\___ | '_ | '_| | '_ \/ _` | \ \ \ \
 \\/  ___)| |_)| | | | | || (_| |  ) ) ) )
  '  |____| .__|_| |_|_| |_\__, | / / / /
 =========|_|==============|___/=/_/_/_/

 :: Spring Boot ::               (v3.5.16)

2026-09-17T17:24:52.405+08:00  INFO 57055 --- [    Test worker] c.d.t.controller.TaskControllerTest      : Starting TaskControllerTest using Java 26.0.2.1 with PID 57055 (started by wu in /Users/wu/Documents/delta-task-management/backend)
2026-09-17T17:24:52.405+08:00  INFO 57055 --- [    Test worker] c.d.t.controller.TaskControllerTest      : No active profile set, falling back to 1 default profile: "default"
2026-09-17T17:24:52.428+08:00  INFO 57055 --- [    Test worker] .s.d.r.c.RepositoryConfigurationDelegate : Bootstrapping Spring Data JPA repositories in DEFAULT mode.
2026-09-17T17:24:52.430+08:00  INFO 57055 --- [    Test worker] .s.d.r.c.RepositoryConfigurationDelegate : Finished Spring Data repository scanning in 1 ms. Found 1 JPA repository interface.
2026-09-17T17:24:52.442+08:00  INFO 57055 --- [    Test worker] o.hibernate.jpa.internal.util.LogHelper  : HHH000204: Processing PersistenceUnitInfo [name: default]
2026-09-17T17:24:52.443+08:00  INFO 57055 --- [    Test worker] o.h.c.internal.RegionFactoryInitiator    : HHH000026: Second-level cache disabled
2026-09-17T17:24:52.445+08:00  INFO 57055 --- [    Test worker] o.s.o.j.p.SpringPersistenceUnitInfo      : No LoadTimeWeaver setup: ignoring JPA class transformer
2026-09-17T17:24:52.445+08:00  INFO 57055 --- [    Test worker] com.zaxxer.hikari.HikariDataSource       : HikariPool-7 - Starting...
2026-09-17T17:24:52.445+08:00  INFO 57055 --- [    Test worker] com.zaxxer.hikari.pool.HikariPool        : HikariPool-7 - Added connection conn23: url=jdbc:h2:mem:taskdb user=SA
2026-09-17T17:24:52.445+08:00  INFO 57055 --- [    Test worker] com.zaxxer.hikari.HikariDataSource       : HikariPool-7 - Start completed.
2026-09-17T17:24:52.446+08:00  INFO 57055 --- [    Test worker] org.hibernate.orm.connections.pooling    : HHH10001005: Database info:
	Database JDBC URL [Connecting through datasource 'HikariDataSource (HikariPool-7)']
	Database driver: undefined/unknown
	Database version: 2.3.232
	Autocommit mode: undefined/unknown
	Isolation level: undefined/unknown
	Minimum pool size: undefined/unknown
	Maximum pool size: undefined/unknown
2026-09-17T17:24:52.453+08:00  INFO 57055 --- [    Test worker] o.h.e.t.j.p.i.JtaPlatformInitiator       : HHH000489: No JTA platform available (set 'hibernate.transaction.jta.platform' to enable JTA platform integration)
Hibernate: 
    drop table if exists tasks cascade 
Hibernate: 
    create table tasks (
        created_at timestamp(6),
        id bigint generated by default as identity,
        updated_at timestamp(6),
        version bigint,
        description TEXT,
        title varchar(255) not null,
        priority enum ('HIGH','LOW','MEDIUM') not null,
        status enum ('COMPLETED','IN_PROGRESS','TODO') not null,
        primary key (id)
    )
2026-09-17T17:24:52.454+08:00  INFO 57055 --- [    Test worker] j.LocalContainerEntityManagerFactoryBean : Initialized JPA EntityManagerFactory for persistence unit 'default'
2026-09-17T17:24:52.464+08:00  WARN 57055 --- [    Test worker] JpaBaseConfiguration$JpaWebConfiguration : spring.jpa.open-in-view is enabled by default. Therefore, database queries may be performed during view rendering. Explicitly configure spring.jpa.open-in-view to disable this warning
2026-09-17T17:24:52.475+08:00  INFO 57055 --- [    Test worker] o.s.b.a.h2.H2ConsoleAutoConfiguration    : H2 console available at '/h2-console'. Database available at 'jdbc:h2:mem:taskdb'
2026-09-17T17:24:52.478+08:00  INFO 57055 --- [    Test worker] o.s.b.t.m.w.SpringBootMockServletContext : Initializing Spring TestDispatcherServlet ''
2026-09-17T17:24:52.478+08:00  INFO 57055 --- [    Test worker] o.s.t.web.servlet.TestDispatcherServlet  : Initializing Servlet ''
2026-09-17T17:24:52.478+08:00  INFO 57055 --- [    Test worker] o.s.t.web.servlet.TestDispatcherServlet  : Completed initialization in 0 ms
2026-09-17T17:24:52.480+08:00  INFO 57055 --- [    Test worker] c.d.t.controller.TaskControllerTest      : Started TaskControllerTest in 0.08 seconds (process running for 2.887)
2026-09-17T17:24:52.490+08:00  INFO 57055 --- [    Test worker] j.LocalContainerEntityManagerFactoryBean : Closing JPA EntityManagerFactory for persistence unit 'default'
Hibernate: 
    drop table if exists tasks cascade 
2026-09-17T17:24:52.490+08:00  INFO 57055 --- [    Test worker] com.zaxxer.hikari.HikariDataSource       : HikariPool-7 - Shutdown initiated...
2026-09-17T17:24:52.491+08:00  INFO 57055 --- [    Test worker] com.zaxxer.hikari.HikariDataSource       : HikariPool-7 - Shutdown completed.

  .   ____          _            __ _ _
 /\\ / ___'_ __ _ _(_)_ __  __ _ \ \ \ \
( ( )\___ | '_ | '_| | '_ \/ _` | \ \ \ \
 \\/  ___)| |_)| | | | | || (_| |  ) ) ) )
  '  |____| .__|_| |_|_| |_\__, | / / / /
 =========|_|==============|___/=/_/_/_/

 :: Spring Boot ::               (v3.5.16)

2026-09-17T17:24:52.495+08:00  INFO 57055 --- [    Test worker] c.d.t.controller.TaskControllerTest      : Starting TaskControllerTest using Java 26.0.2.1 with PID 57055 (started by wu in /Users/wu/Documents/delta-task-management/backend)
2026-09-17T17:24:52.495+08:00  INFO 57055 --- [    Test worker] c.d.t.controller.TaskControllerTest      : No active profile set, falling back to 1 default profile: "default"
2026-09-17T17:24:52.516+08:00  INFO 57055 --- [    Test worker] .s.d.r.c.RepositoryConfigurationDelegate : Bootstrapping Spring Data JPA repositories in DEFAULT mode.
2026-09-17T17:24:52.518+08:00  INFO 57055 --- [    Test worker] .s.d.r.c.RepositoryConfigurationDelegate : Finished Spring Data repository scanning in 1 ms. Found 1 JPA repository interface.
2026-09-17T17:24:52.528+08:00  INFO 57055 --- [    Test worker] o.hibernate.jpa.internal.util.LogHelper  : HHH000204: Processing PersistenceUnitInfo [name: default]
2026-09-17T17:24:52.529+08:00  INFO 57055 --- [    Test worker] o.h.c.internal.RegionFactoryInitiator    : HHH000026: Second-level cache disabled
2026-09-17T17:24:52.531+08:00  INFO 57055 --- [    Test worker] o.s.o.j.p.SpringPersistenceUnitInfo      : No LoadTimeWeaver setup: ignoring JPA class transformer
2026-09-17T17:24:52.531+08:00  INFO 57055 --- [    Test worker] com.zaxxer.hikari.HikariDataSource       : HikariPool-8 - Starting...
2026-09-17T17:24:52.532+08:00  INFO 57055 --- [    Test worker] com.zaxxer.hikari.pool.HikariPool        : HikariPool-8 - Added connection conn24: url=jdbc:h2:mem:taskdb user=SA
2026-09-17T17:24:52.532+08:00  INFO 57055 --- [    Test worker] com.zaxxer.hikari.HikariDataSource       : HikariPool-8 - Start completed.
2026-09-17T17:24:52.532+08:00  INFO 57055 --- [    Test worker] org.hibernate.orm.connections.pooling    : HHH10001005: Database info:
	Database JDBC URL [Connecting through datasource 'HikariDataSource (HikariPool-8)']
	Database driver: undefined/unknown
	Database version: 2.3.232
	Autocommit mode: undefined/unknown
	Isolation level: undefined/unknown
	Minimum pool size: undefined/unknown
	Maximum pool size: undefined/unknown
2026-09-17T17:24:52.539+08:00  INFO 57055 --- [    Test worker] o.h.e.t.j.p.i.JtaPlatformInitiator       : HHH000489: No JTA platform available (set 'hibernate.transaction.jta.platform' to enable JTA platform integration)
Hibernate: 
    drop table if exists tasks cascade 
Hibernate: 
    create table tasks (
        created_at timestamp(6),
        id bigint generated by default as identity,
        updated_at timestamp(6),
        version bigint,
        description TEXT,
        title varchar(255) not null,
        priority enum ('HIGH','LOW','MEDIUM') not null,
        status enum ('COMPLETED','IN_PROGRESS','TODO') not null,
        primary key (id)
    )
2026-09-17T17:24:52.540+08:00  INFO 57055 --- [    Test worker] j.LocalContainerEntityManagerFactoryBean : Initialized JPA EntityManagerFactory for persistence unit 'default'
2026-09-17T17:24:52.550+08:00  WARN 57055 --- [    Test worker] JpaBaseConfiguration$JpaWebConfiguration : spring.jpa.open-in-view is enabled by default. Therefore, database queries may be performed during view rendering. Explicitly configure spring.jpa.open-in-view to disable this warning
2026-09-17T17:24:52.563+08:00  INFO 57055 --- [    Test worker] o.s.b.a.h2.H2ConsoleAutoConfiguration    : H2 console available at '/h2-console'. Database available at 'jdbc:h2:mem:taskdb'
2026-09-17T17:24:52.566+08:00  INFO 57055 --- [    Test worker] o.s.b.t.m.w.SpringBootMockServletContext : Initializing Spring TestDispatcherServlet ''
2026-09-17T17:24:52.566+08:00  INFO 57055 --- [    Test worker] o.s.t.web.servlet.TestDispatcherServlet  : Initializing Servlet ''
2026-09-17T17:24:52.566+08:00  INFO 57055 --- [    Test worker] o.s.t.web.servlet.TestDispatcherServlet  : Completed initialization in 0 ms
2026-09-17T17:24:52.568+08:00  INFO 57055 --- [    Test worker] c.d.t.controller.TaskControllerTest      : Started TaskControllerTest in 0.077 seconds (process running for 2.975)
Hibernate: 
    select
        t1_0.id,
        t1_0.created_at,
        t1_0.description,
        t1_0.priority,
        t1_0.status,
        t1_0.title,
        t1_0.updated_at,
        t1_0.version 
    from
        tasks t1_0 
    where
        t1_0.id=?
2026-09-17T17:24:52.573+08:00  INFO 57055 --- [    Test worker] j.LocalContainerEntityManagerFactoryBean : Closing JPA EntityManagerFactory for persistence unit 'default'
Hibernate: 
    drop table if exists tasks cascade 
2026-09-17T17:24:52.573+08:00  INFO 57055 --- [    Test worker] com.zaxxer.hikari.HikariDataSource       : HikariPool-8 - Shutdown initiated...
2026-09-17T17:24:52.574+08:00  INFO 57055 --- [    Test worker] com.zaxxer.hikari.HikariDataSource       : HikariPool-8 - Shutdown completed.

  .   ____          _            __ _ _
 /\\ / ___'_ __ _ _(_)_ __  __ _ \ \ \ \
( ( )\___ | '_ | '_| | '_ \/ _` | \ \ \ \
 \\/  ___)| |_)| | | | | || (_| |  ) ) ) )
  '  |____| .__|_| |_|_| |_\__, | / / / /
 =========|_|==============|___/=/_/_/_/

 :: Spring Boot ::               (v3.5.16)

2026-09-17T17:24:52.578+08:00  INFO 57055 --- [    Test worker] c.d.t.controller.TaskControllerTest      : Starting TaskControllerTest using Java 26.0.2.1 with PID 57055 (started by wu in /Users/wu/Documents/delta-task-management/backend)
2026-09-17T17:24:52.578+08:00  INFO 57055 --- [    Test worker] c.d.t.controller.TaskControllerTest      : No active profile set, falling back to 1 default profile: "default"
2026-09-17T17:24:52.601+08:00  INFO 57055 --- [    Test worker] .s.d.r.c.RepositoryConfigurationDelegate : Bootstrapping Spring Data JPA repositories in DEFAULT mode.
2026-09-17T17:24:52.603+08:00  INFO 57055 --- [    Test worker] .s.d.r.c.RepositoryConfigurationDelegate : Finished Spring Data repository scanning in 2 ms. Found 1 JPA repository interface.
2026-09-17T17:24:52.616+08:00  INFO 57055 --- [    Test worker] o.hibernate.jpa.internal.util.LogHelper  : HHH000204: Processing PersistenceUnitInfo [name: default]
2026-09-17T17:24:52.616+08:00  INFO 57055 --- [    Test worker] o.h.c.internal.RegionFactoryInitiator    : HHH000026: Second-level cache disabled
2026-09-17T17:24:52.618+08:00  INFO 57055 --- [    Test worker] o.s.o.j.p.SpringPersistenceUnitInfo      : No LoadTimeWeaver setup: ignoring JPA class transformer
2026-09-17T17:24:52.618+08:00  INFO 57055 --- [    Test worker] com.zaxxer.hikari.HikariDataSource       : HikariPool-9 - Starting...
2026-09-17T17:24:52.618+08:00  INFO 57055 --- [    Test worker] com.zaxxer.hikari.pool.HikariPool        : HikariPool-9 - Added connection conn25: url=jdbc:h2:mem:taskdb user=SA
2026-09-17T17:24:52.618+08:00  INFO 57055 --- [    Test worker] com.zaxxer.hikari.HikariDataSource       : HikariPool-9 - Start completed.
2026-09-17T17:24:52.619+08:00  INFO 57055 --- [    Test worker] org.hibernate.orm.connections.pooling    : HHH10001005: Database info:
	Database JDBC URL [Connecting through datasource 'HikariDataSource (HikariPool-9)']
	Database driver: undefined/unknown
	Database version: 2.3.232
	Autocommit mode: undefined/unknown
	Isolation level: undefined/unknown
	Minimum pool size: undefined/unknown
	Maximum pool size: undefined/unknown
2026-09-17T17:24:52.626+08:00  INFO 57055 --- [    Test worker] o.h.e.t.j.p.i.JtaPlatformInitiator       : HHH000489: No JTA platform available (set 'hibernate.transaction.jta.platform' to enable JTA platform integration)
Hibernate: 
    drop table if exists tasks cascade 
Hibernate: 
    create table tasks (
        created_at timestamp(6),
        id bigint generated by default as identity,
        updated_at timestamp(6),
        version bigint,
        description TEXT,
        title varchar(255) not null,
        priority enum ('HIGH','LOW','MEDIUM') not null,
        status enum ('COMPLETED','IN_PROGRESS','TODO') not null,
        primary key (id)
    )
2026-09-17T17:24:52.627+08:00  INFO 57055 --- [    Test worker] j.LocalContainerEntityManagerFactoryBean : Initialized JPA EntityManagerFactory for persistence unit 'default'
2026-09-17T17:24:52.637+08:00  WARN 57055 --- [    Test worker] JpaBaseConfiguration$JpaWebConfiguration : spring.jpa.open-in-view is enabled by default. Therefore, database queries may be performed during view rendering. Explicitly configure spring.jpa.open-in-view to disable this warning
2026-09-17T17:24:52.648+08:00  INFO 57055 --- [    Test worker] o.s.b.a.h2.H2ConsoleAutoConfiguration    : H2 console available at '/h2-console'. Database available at 'jdbc:h2:mem:taskdb'
2026-09-17T17:24:52.651+08:00  INFO 57055 --- [    Test worker] o.s.b.t.m.w.SpringBootMockServletContext : Initializing Spring TestDispatcherServlet ''
2026-09-17T17:24:52.651+08:00  INFO 57055 --- [    Test worker] o.s.t.web.servlet.TestDispatcherServlet  : Initializing Servlet ''
2026-09-17T17:24:52.651+08:00  INFO 57055 --- [    Test worker] o.s.t.web.servlet.TestDispatcherServlet  : Completed initialization in 0 ms
2026-09-17T17:24:52.653+08:00  INFO 57055 --- [    Test worker] c.d.t.controller.TaskControllerTest      : Started TaskControllerTest in 0.079 seconds (process running for 3.06)
Hibernate: 
    select
        t1_0.id,
        t1_0.created_at,
        t1_0.description,
        t1_0.priority,
        t1_0.status,
        t1_0.title,
        t1_0.updated_at,
        t1_0.version 
    from
        tasks t1_0 
    where
        t1_0.priority=? 
    order by
        t1_0.created_at desc
2026-09-17T17:24:52.661+08:00  INFO 57055 --- [    Test worker] j.LocalContainerEntityManagerFactoryBean : Closing JPA EntityManagerFactory for persistence unit 'default'
Hibernate: 
    drop table if exists tasks cascade 
2026-09-17T17:24:52.661+08:00  INFO 57055 --- [    Test worker] com.zaxxer.hikari.HikariDataSource       : HikariPool-9 - Shutdown initiated...
2026-09-17T17:24:52.661+08:00  INFO 57055 --- [    Test worker] com.zaxxer.hikari.HikariDataSource       : HikariPool-9 - Shutdown completed.

  .   ____          _            __ _ _
 /\\ / ___'_ __ _ _(_)_ __  __ _ \ \ \ \
( ( )\___ | '_ | '_| | '_ \/ _` | \ \ \ \
 \\/  ___)| |_)| | | | | || (_| |  ) ) ) )
  '  |____| .__|_| |_|_| |_\__, | / / / /
 =========|_|==============|___/=/_/_/_/

 :: Spring Boot ::               (v3.5.16)

2026-09-17T17:24:52.666+08:00  INFO 57055 --- [    Test worker] c.d.t.controller.TaskControllerTest      : Starting TaskControllerTest using Java 26.0.2.1 with PID 57055 (started by wu in /Users/wu/Documents/delta-task-management/backend)
2026-09-17T17:24:52.666+08:00  INFO 57055 --- [    Test worker] c.d.t.controller.TaskControllerTest      : No active profile set, falling back to 1 default profile: "default"
2026-09-17T17:24:52.688+08:00  INFO 57055 --- [    Test worker] .s.d.r.c.RepositoryConfigurationDelegate : Bootstrapping Spring Data JPA repositories in DEFAULT mode.
2026-09-17T17:24:52.690+08:00  INFO 57055 --- [    Test worker] .s.d.r.c.RepositoryConfigurationDelegate : Finished Spring Data repository scanning in 1 ms. Found 1 JPA repository interface.
2026-09-17T17:24:52.700+08:00  INFO 57055 --- [    Test worker] o.hibernate.jpa.internal.util.LogHelper  : HHH000204: Processing PersistenceUnitInfo [name: default]
2026-09-17T17:24:52.700+08:00  INFO 57055 --- [    Test worker] o.h.c.internal.RegionFactoryInitiator    : HHH000026: Second-level cache disabled
2026-09-17T17:24:52.702+08:00  INFO 57055 --- [    Test worker] o.s.o.j.p.SpringPersistenceUnitInfo      : No LoadTimeWeaver setup: ignoring JPA class transformer
2026-09-17T17:24:52.702+08:00  INFO 57055 --- [    Test worker] com.zaxxer.hikari.HikariDataSource       : HikariPool-10 - Starting...
2026-09-17T17:24:52.702+08:00  INFO 57055 --- [    Test worker] com.zaxxer.hikari.pool.HikariPool        : HikariPool-10 - Added connection conn26: url=jdbc:h2:mem:taskdb user=SA
2026-09-17T17:24:52.702+08:00  INFO 57055 --- [    Test worker] com.zaxxer.hikari.HikariDataSource       : HikariPool-10 - Start completed.
2026-09-17T17:24:52.703+08:00  INFO 57055 --- [    Test worker] org.hibernate.orm.connections.pooling    : HHH10001005: Database info:
	Database JDBC URL [Connecting through datasource 'HikariDataSource (HikariPool-10)']
	Database driver: undefined/unknown
	Database version: 2.3.232
	Autocommit mode: undefined/unknown
	Isolation level: undefined/unknown
	Minimum pool size: undefined/unknown
	Maximum pool size: undefined/unknown
2026-09-17T17:24:52.710+08:00  INFO 57055 --- [    Test worker] o.h.e.t.j.p.i.JtaPlatformInitiator       : HHH000489: No JTA platform available (set 'hibernate.transaction.jta.platform' to enable JTA platform integration)
Hibernate: 
    drop table if exists tasks cascade 
Hibernate: 
    create table tasks (
        created_at timestamp(6),
        id bigint generated by default as identity,
        updated_at timestamp(6),
        version bigint,
        description TEXT,
        title varchar(255) not null,
        priority enum ('HIGH','LOW','MEDIUM') not null,
        status enum ('COMPLETED','IN_PROGRESS','TODO') not null,
        primary key (id)
    )
2026-09-17T17:24:52.711+08:00  INFO 57055 --- [    Test worker] j.LocalContainerEntityManagerFactoryBean : Initialized JPA EntityManagerFactory for persistence unit 'default'
2026-09-17T17:24:52.721+08:00  WARN 57055 --- [    Test worker] JpaBaseConfiguration$JpaWebConfiguration : spring.jpa.open-in-view is enabled by default. Therefore, database queries may be performed during view rendering. Explicitly configure spring.jpa.open-in-view to disable this warning
2026-09-17T17:24:52.732+08:00  INFO 57055 --- [    Test worker] o.s.b.a.h2.H2ConsoleAutoConfiguration    : H2 console available at '/h2-console'. Database available at 'jdbc:h2:mem:taskdb'
2026-09-17T17:24:52.735+08:00  INFO 57055 --- [    Test worker] o.s.b.t.m.w.SpringBootMockServletContext : Initializing Spring TestDispatcherServlet ''
2026-09-17T17:24:52.735+08:00  INFO 57055 --- [    Test worker] o.s.t.web.servlet.TestDispatcherServlet  : Initializing Servlet ''
2026-09-17T17:24:52.735+08:00  INFO 57055 --- [    Test worker] o.s.t.web.servlet.TestDispatcherServlet  : Completed initialization in 0 ms
2026-09-17T17:24:52.736+08:00  INFO 57055 --- [    Test worker] c.d.t.controller.TaskControllerTest      : Started TaskControllerTest in 0.074 seconds (process running for 3.143)
Hibernate: 
    select
        t1_0.id,
        t1_0.created_at,
        t1_0.description,
        t1_0.priority,
        t1_0.status,
        t1_0.title,
        t1_0.updated_at,
        t1_0.version 
    from
        tasks t1_0 
    where
        t1_0.status=? 
    order by
        t1_0.created_at desc
2026-09-17T17:24:52.742+08:00  INFO 57055 --- [    Test worker] j.LocalContainerEntityManagerFactoryBean : Closing JPA EntityManagerFactory for persistence unit 'default'
Hibernate: 
    drop table if exists tasks cascade 
2026-09-17T17:24:52.742+08:00  INFO 57055 --- [    Test worker] com.zaxxer.hikari.HikariDataSource       : HikariPool-10 - Shutdown initiated...
2026-09-17T17:24:52.742+08:00  INFO 57055 --- [    Test worker] com.zaxxer.hikari.HikariDataSource       : HikariPool-10 - Shutdown completed.

  .   ____          _            __ _ _
 /\\ / ___'_ __ _ _(_)_ __  __ _ \ \ \ \
( ( )\___ | '_ | '_| | '_ \/ _` | \ \ \ \
 \\/  ___)| |_)| | | | | || (_| |  ) ) ) )
  '  |____| .__|_| |_|_| |_\__, | / / / /
 =========|_|==============|___/=/_/_/_/

 :: Spring Boot ::               (v3.5.16)

2026-09-17T17:24:52.747+08:00  INFO 57055 --- [    Test worker] c.d.t.controller.TaskControllerTest      : Starting TaskControllerTest using Java 26.0.2.1 with PID 57055 (started by wu in /Users/wu/Documents/delta-task-management/backend)
2026-09-17T17:24:52.747+08:00  INFO 57055 --- [    Test worker] c.d.t.controller.TaskControllerTest      : No active profile set, falling back to 1 default profile: "default"
2026-09-17T17:24:52.768+08:00  INFO 57055 --- [    Test worker] .s.d.r.c.RepositoryConfigurationDelegate : Bootstrapping Spring Data JPA repositories in DEFAULT mode.
2026-09-17T17:24:52.770+08:00  INFO 57055 --- [    Test worker] .s.d.r.c.RepositoryConfigurationDelegate : Finished Spring Data repository scanning in 1 ms. Found 1 JPA repository interface.
2026-09-17T17:24:52.779+08:00  INFO 57055 --- [    Test worker] o.hibernate.jpa.internal.util.LogHelper  : HHH000204: Processing PersistenceUnitInfo [name: default]
2026-09-17T17:24:52.780+08:00  INFO 57055 --- [    Test worker] o.h.c.internal.RegionFactoryInitiator    : HHH000026: Second-level cache disabled
2026-09-17T17:24:52.782+08:00  INFO 57055 --- [    Test worker] o.s.o.j.p.SpringPersistenceUnitInfo      : No LoadTimeWeaver setup: ignoring JPA class transformer
2026-09-17T17:24:52.782+08:00  INFO 57055 --- [    Test worker] com.zaxxer.hikari.HikariDataSource       : HikariPool-11 - Starting...
2026-09-17T17:24:52.782+08:00  INFO 57055 --- [    Test worker] com.zaxxer.hikari.pool.HikariPool        : HikariPool-11 - Added connection conn27: url=jdbc:h2:mem:taskdb user=SA
2026-09-17T17:24:52.782+08:00  INFO 57055 --- [    Test worker] com.zaxxer.hikari.HikariDataSource       : HikariPool-11 - Start completed.
2026-09-17T17:24:52.782+08:00  INFO 57055 --- [    Test worker] org.hibernate.orm.connections.pooling    : HHH10001005: Database info:
	Database JDBC URL [Connecting through datasource 'HikariDataSource (HikariPool-11)']
	Database driver: undefined/unknown
	Database version: 2.3.232
	Autocommit mode: undefined/unknown
	Isolation level: undefined/unknown
	Minimum pool size: undefined/unknown
	Maximum pool size: undefined/unknown
2026-09-17T17:24:52.791+08:00  INFO 57055 --- [    Test worker] o.h.e.t.j.p.i.JtaPlatformInitiator       : HHH000489: No JTA platform available (set 'hibernate.transaction.jta.platform' to enable JTA platform integration)
Hibernate: 
    drop table if exists tasks cascade 
Hibernate: 
    create table tasks (
        created_at timestamp(6),
        id bigint generated by default as identity,
        updated_at timestamp(6),
        version bigint,
        description TEXT,
        title varchar(255) not null,
        priority enum ('HIGH','LOW','MEDIUM') not null,
        status enum ('COMPLETED','IN_PROGRESS','TODO') not null,
        primary key (id)
    )
2026-09-17T17:24:52.792+08:00  INFO 57055 --- [    Test worker] j.LocalContainerEntityManagerFactoryBean : Initialized JPA EntityManagerFactory for persistence unit 'default'
2026-09-17T17:24:52.802+08:00  WARN 57055 --- [    Test worker] JpaBaseConfiguration$JpaWebConfiguration : spring.jpa.open-in-view is enabled by default. Therefore, database queries may be performed during view rendering. Explicitly configure spring.jpa.open-in-view to disable this warning
2026-09-17T17:24:52.813+08:00  INFO 57055 --- [    Test worker] o.s.b.a.h2.H2ConsoleAutoConfiguration    : H2 console available at '/h2-console'. Database available at 'jdbc:h2:mem:taskdb'
2026-09-17T17:24:52.817+08:00  INFO 57055 --- [    Test worker] o.s.b.t.m.w.SpringBootMockServletContext : Initializing Spring TestDispatcherServlet ''
2026-09-17T17:24:52.817+08:00  INFO 57055 --- [    Test worker] o.s.t.web.servlet.TestDispatcherServlet  : Initializing Servlet ''
2026-09-17T17:24:52.817+08:00  INFO 57055 --- [    Test worker] o.s.t.web.servlet.TestDispatcherServlet  : Completed initialization in 0 ms
2026-09-17T17:24:52.818+08:00  INFO 57055 --- [    Test worker] c.d.t.controller.TaskControllerTest      : Started TaskControllerTest in 0.075 seconds (process running for 3.225)
Hibernate: 
    insert 
    into
        tasks
        (created_at, description, priority, status, title, updated_at, version, id) 
    values
        (?, ?, ?, ?, ?, ?, ?, default)
2026-09-17T17:24:52.833+08:00  INFO 57055 --- [    Test worker] j.LocalContainerEntityManagerFactoryBean : Closing JPA EntityManagerFactory for persistence unit 'default'
Hibernate: 
    drop table if exists tasks cascade 
2026-09-17T17:24:52.833+08:00  INFO 57055 --- [    Test worker] com.zaxxer.hikari.HikariDataSource       : HikariPool-11 - Shutdown initiated...
2026-09-17T17:24:52.833+08:00  INFO 57055 --- [    Test worker] com.zaxxer.hikari.HikariDataSource       : HikariPool-11 - Shutdown completed.

  .   ____          _            __ _ _
 /\\ / ___'_ __ _ _(_)_ __  __ _ \ \ \ \
( ( )\___ | '_ | '_| | '_ \/ _` | \ \ \ \
 \\/  ___)| |_)| | | | | || (_| |  ) ) ) )
  '  |____| .__|_| |_|_| |_\__, | / / / /
 =========|_|==============|___/=/_/_/_/

 :: Spring Boot ::               (v3.5.16)

2026-09-17T17:24:52.840+08:00  INFO 57055 --- [    Test worker] c.d.t.controller.TaskControllerTest      : Starting TaskControllerTest using Java 26.0.2.1 with PID 57055 (started by wu in /Users/wu/Documents/delta-task-management/backend)
2026-09-17T17:24:52.840+08:00  INFO 57055 --- [    Test worker] c.d.t.controller.TaskControllerTest      : No active profile set, falling back to 1 default profile: "default"
2026-09-17T17:24:52.861+08:00  INFO 57055 --- [    Test worker] .s.d.r.c.RepositoryConfigurationDelegate : Bootstrapping Spring Data JPA repositories in DEFAULT mode.
2026-09-17T17:24:52.863+08:00  INFO 57055 --- [    Test worker] .s.d.r.c.RepositoryConfigurationDelegate : Finished Spring Data repository scanning in 1 ms. Found 1 JPA repository interface.
2026-09-17T17:24:52.873+08:00  INFO 57055 --- [    Test worker] o.hibernate.jpa.internal.util.LogHelper  : HHH000204: Processing PersistenceUnitInfo [name: default]
2026-09-17T17:24:52.873+08:00  INFO 57055 --- [    Test worker] o.h.c.internal.RegionFactoryInitiator    : HHH000026: Second-level cache disabled
2026-09-17T17:24:52.875+08:00  INFO 57055 --- [    Test worker] o.s.o.j.p.SpringPersistenceUnitInfo      : No LoadTimeWeaver setup: ignoring JPA class transformer
2026-09-17T17:24:52.875+08:00  INFO 57055 --- [    Test worker] com.zaxxer.hikari.HikariDataSource       : HikariPool-12 - Starting...
2026-09-17T17:24:52.875+08:00  INFO 57055 --- [    Test worker] com.zaxxer.hikari.pool.HikariPool        : HikariPool-12 - Added connection conn28: url=jdbc:h2:mem:taskdb user=SA
2026-09-17T17:24:52.875+08:00  INFO 57055 --- [    Test worker] com.zaxxer.hikari.HikariDataSource       : HikariPool-12 - Start completed.
2026-09-17T17:24:52.876+08:00  INFO 57055 --- [    Test worker] org.hibernate.orm.connections.pooling    : HHH10001005: Database info:
	Database JDBC URL [Connecting through datasource 'HikariDataSource (HikariPool-12)']
	Database driver: undefined/unknown
	Database version: 2.3.232
	Autocommit mode: undefined/unknown
	Isolation level: undefined/unknown
	Minimum pool size: undefined/unknown
	Maximum pool size: undefined/unknown
2026-09-17T17:24:52.882+08:00  INFO 57055 --- [    Test worker] o.h.e.t.j.p.i.JtaPlatformInitiator       : HHH000489: No JTA platform available (set 'hibernate.transaction.jta.platform' to enable JTA platform integration)
Hibernate: 
    drop table if exists tasks cascade 
Hibernate: 
    create table tasks (
        created_at timestamp(6),
        id bigint generated by default as identity,
        updated_at timestamp(6),
        version bigint,
        description TEXT,
        title varchar(255) not null,
        priority enum ('HIGH','LOW','MEDIUM') not null,
        status enum ('COMPLETED','IN_PROGRESS','TODO') not null,
        primary key (id)
    )
2026-09-17T17:24:52.883+08:00  INFO 57055 --- [    Test worker] j.LocalContainerEntityManagerFactoryBean : Initialized JPA EntityManagerFactory for persistence unit 'default'
2026-09-17T17:24:52.892+08:00  WARN 57055 --- [    Test worker] JpaBaseConfiguration$JpaWebConfiguration : spring.jpa.open-in-view is enabled by default. Therefore, database queries may be performed during view rendering. Explicitly configure spring.jpa.open-in-view to disable this warning
2026-09-17T17:24:52.902+08:00  INFO 57055 --- [    Test worker] o.s.b.a.h2.H2ConsoleAutoConfiguration    : H2 console available at '/h2-console'. Database available at 'jdbc:h2:mem:taskdb'
2026-09-17T17:24:52.905+08:00  INFO 57055 --- [    Test worker] o.s.b.t.m.w.SpringBootMockServletContext : Initializing Spring TestDispatcherServlet ''
2026-09-17T17:24:52.905+08:00  INFO 57055 --- [    Test worker] o.s.t.web.servlet.TestDispatcherServlet  : Initializing Servlet ''
2026-09-17T17:24:52.905+08:00  INFO 57055 --- [    Test worker] o.s.t.web.servlet.TestDispatcherServlet  : Completed initialization in 0 ms
2026-09-17T17:24:52.907+08:00  INFO 57055 --- [    Test worker] c.d.t.controller.TaskControllerTest      : Started TaskControllerTest in 0.073 seconds (process running for 3.314)
Hibernate: 
    select
        t1_0.id,
        t1_0.created_at,
        t1_0.description,
        t1_0.priority,
        t1_0.status,
        t1_0.title,
        t1_0.updated_at,
        t1_0.version 
    from
        tasks t1_0 
    where
        t1_0.id=?
2026-09-17T17:24:52.911+08:00  INFO 57055 --- [    Test worker] j.LocalContainerEntityManagerFactoryBean : Closing JPA EntityManagerFactory for persistence unit 'default'
Hibernate: 
    drop table if exists tasks cascade 
2026-09-17T17:24:52.911+08:00  INFO 57055 --- [    Test worker] com.zaxxer.hikari.HikariDataSource       : HikariPool-12 - Shutdown initiated...
2026-09-17T17:24:52.911+08:00  INFO 57055 --- [    Test worker] com.zaxxer.hikari.HikariDataSource       : HikariPool-12 - Shutdown completed.

  .   ____          _            __ _ _
 /\\ / ___'_ __ _ _(_)_ __  __ _ \ \ \ \
( ( )\___ | '_ | '_| | '_ \/ _` | \ \ \ \
 \\/  ___)| |_)| | | | | || (_| |  ) ) ) )
  '  |____| .__|_| |_|_| |_\__, | / / / /
 =========|_|==============|___/=/_/_/_/

 :: Spring Boot ::               (v3.5.16)

2026-09-17T17:24:52.916+08:00  INFO 57055 --- [    Test worker] c.d.t.controller.TaskControllerTest      : Starting TaskControllerTest using Java 26.0.2.1 with PID 57055 (started by wu in /Users/wu/Documents/delta-task-management/backend)
2026-09-17T17:24:52.916+08:00  INFO 57055 --- [    Test worker] c.d.t.controller.TaskControllerTest      : No active profile set, falling back to 1 default profile: "default"
2026-09-17T17:24:52.937+08:00  INFO 57055 --- [    Test worker] .s.d.r.c.RepositoryConfigurationDelegate : Bootstrapping Spring Data JPA repositories in DEFAULT mode.
2026-09-17T17:24:52.939+08:00  INFO 57055 --- [    Test worker] .s.d.r.c.RepositoryConfigurationDelegate : Finished Spring Data repository scanning in 1 ms. Found 1 JPA repository interface.
2026-09-17T17:24:52.948+08:00  INFO 57055 --- [    Test worker] o.hibernate.jpa.internal.util.LogHelper  : HHH000204: Processing PersistenceUnitInfo [name: default]
2026-09-17T17:24:52.948+08:00  INFO 57055 --- [    Test worker] o.h.c.internal.RegionFactoryInitiator    : HHH000026: Second-level cache disabled
2026-09-17T17:24:52.951+08:00  INFO 57055 --- [    Test worker] o.s.o.j.p.SpringPersistenceUnitInfo      : No LoadTimeWeaver setup: ignoring JPA class transformer
2026-09-17T17:24:52.951+08:00  INFO 57055 --- [    Test worker] com.zaxxer.hikari.HikariDataSource       : HikariPool-13 - Starting...
2026-09-17T17:24:52.951+08:00  INFO 57055 --- [    Test worker] com.zaxxer.hikari.pool.HikariPool        : HikariPool-13 - Added connection conn29: url=jdbc:h2:mem:taskdb user=SA
2026-09-17T17:24:52.951+08:00  INFO 57055 --- [    Test worker] com.zaxxer.hikari.HikariDataSource       : HikariPool-13 - Start completed.
2026-09-17T17:24:52.951+08:00  INFO 57055 --- [    Test worker] org.hibernate.orm.connections.pooling    : HHH10001005: Database info:
	Database JDBC URL [Connecting through datasource 'HikariDataSource (HikariPool-13)']
	Database driver: undefined/unknown
	Database version: 2.3.232
	Autocommit mode: undefined/unknown
	Isolation level: undefined/unknown
	Minimum pool size: undefined/unknown
	Maximum pool size: undefined/unknown
2026-09-17T17:24:52.958+08:00  INFO 57055 --- [    Test worker] o.h.e.t.j.p.i.JtaPlatformInitiator       : HHH000489: No JTA platform available (set 'hibernate.transaction.jta.platform' to enable JTA platform integration)
Hibernate: 
    drop table if exists tasks cascade 
Hibernate: 
    create table tasks (
        created_at timestamp(6),
        id bigint generated by default as identity,
        updated_at timestamp(6),
        version bigint,
        description TEXT,
        title varchar(255) not null,
        priority enum ('HIGH','LOW','MEDIUM') not null,
        status enum ('COMPLETED','IN_PROGRESS','TODO') not null,
        primary key (id)
    )
2026-09-17T17:24:52.958+08:00  INFO 57055 --- [    Test worker] j.LocalContainerEntityManagerFactoryBean : Initialized JPA EntityManagerFactory for persistence unit 'default'
2026-09-17T17:24:52.967+08:00  WARN 57055 --- [    Test worker] JpaBaseConfiguration$JpaWebConfiguration : spring.jpa.open-in-view is enabled by default. Therefore, database queries may be performed during view rendering. Explicitly configure spring.jpa.open-in-view to disable this warning
2026-09-17T17:24:52.977+08:00  INFO 57055 --- [    Test worker] o.s.b.a.h2.H2ConsoleAutoConfiguration    : H2 console available at '/h2-console'. Database available at 'jdbc:h2:mem:taskdb'
2026-09-17T17:24:52.980+08:00  INFO 57055 --- [    Test worker] o.s.b.t.m.w.SpringBootMockServletContext : Initializing Spring TestDispatcherServlet ''
2026-09-17T17:24:52.980+08:00  INFO 57055 --- [    Test worker] o.s.t.web.servlet.TestDispatcherServlet  : Initializing Servlet ''
2026-09-17T17:24:52.980+08:00  INFO 57055 --- [    Test worker] o.s.t.web.servlet.TestDispatcherServlet  : Completed initialization in 0 ms
2026-09-17T17:24:52.982+08:00  INFO 57055 --- [    Test worker] c.d.t.controller.TaskControllerTest      : Started TaskControllerTest in 0.07 seconds (process running for 3.389)
Hibernate: 
    select
        t1_0.id,
        t1_0.created_at,
        t1_0.description,
        t1_0.priority,
        t1_0.status,
        t1_0.title,
        t1_0.updated_at,
        t1_0.version 
    from
        tasks t1_0 
    where
        t1_0.id=?
Hibernate: 
    delete 
    from
        tasks 
    where
        id=? 
        and version=?
Hibernate: 
    select
        t1_0.id,
        t1_0.created_at,
        t1_0.description,
        t1_0.priority,
        t1_0.status,
        t1_0.title,
        t1_0.updated_at,
        t1_0.version 
    from
        tasks t1_0 
    where
        t1_0.id=?
]]></system-out>
  <system-err><![CDATA[Mockito is currently self-attaching to enable the inline-mock-maker. This will no longer work in future releases of the JDK. Please add Mockito as an agent to your build as described in Mockito's documentation: https://javadoc.io/doc/org.mockito/mockito-core/latest/org.mockito/org/mockito/Mockito.html#0.3
WARNING: A Java agent has been loaded dynamically (/Users/wu/.gradle/caches/modules-2/files-2.1/net.bytebuddy/byte-buddy-agent/1.17.8/f09415827a71be7ed621c7bd02550678f28bc81c/byte-buddy-agent-1.17.8.jar)
WARNING: If a serviceability tool is in use, please run with -XX:+EnableDynamicAgentLoading to hide this warning
WARNING: If a serviceability tool is not in use, please run with -Djdk.instrument.traceUsage for more information
WARNING: Dynamic loading of agents will be disallowed by default in a future release
]]></system-err>
</testsuite>
